<?xml version="1.0"?>
<?xml-stylesheet type="text/xsl" href="xsl/pts-definitions-viewer.xsl" ?>
<PhoronixTestSuite>
	<Definitions>
		<Define>
			<Name>P_DOWNLOADS_PACKAGE_URL</Name>
			<Value>PhoronixTestSuite/Downloads/Package/URL</Value>
			<Description>The URL(s) to download the package from. If multiple URLs are supplied (delimited by a comma), the Phoronix Test Suite will randomly choose one URL but will fallback to other URLs if one fails either due to the file missing, the MD5 changed, or server inaccessability.</Description>
			<Required>YES</Required>
		</Define>
		<Define>
			<Name>P_DOWNLOADS_PACKAGE_MD5</Name>
			<Value>PhoronixTestSuite/Downloads/Package/MD5</Value>
			<Description>The MD5 check-sum for the file to be downloaded. This is to ensure file integrity. If no string is supplied, no MD5 check will be performed.</Description>
			<Required>RECOMMENDED</Required>
		</Define>
		<Define>
			<Name>P_DOWNLOADS_PACKAGE_FILENAME</Name>
			<Value>PhoronixTestSuite/Downloads/Package/FileName</Value>
			<Description>If this tag is set, once the file is downloaded it will be renamed to this value. If this tag is not set, the remote file-name will be used.</Description>
			<Required>NO</Required>
		</Define>
		<Define>
			<Name>P_DOWNLOADS_PACKAGE_FILESIZE</Name>
			<Value>PhoronixTestSuite/Downloads/Package/FileSize</Value>
			<Description>The size of the file to be downloaded should be the value of this tag. The FileSize should be an integer that is the number of bytes that makes up the file. This tag is used so that the Phoronix Test Suite can determine the total size of files that need to be downloaded for a given operation.</Description>
			<Required>RECOMMENDED</Required>
		</Define>
		<Define>
			<Name>P_DOWNLOADS_PACKAGE_PLATFORMSPECIFIC</Name>
			<Value>PhoronixTestSuite/Downloads/Package/PlatformSpecific</Value>
			<Description>If this package is just needed on select operating systems / platforms, list them inside this tag and multiple platforms can be delimited by a comma.</Description>
			<Required>NO</Required>
		</Define>
		<Define>
			<Name>P_DOWNLOADS_PACKAGE_ARCHSPECIFIC</Name>
			<Value>PhoronixTestSuite/Downloads/Package/ArchitectureSpecific</Value>
			<Description>If this package is just needed on select system/processor architectures, list them inside this tag and multiple architectures can be delimited by a comma.</Description>
			<Required>NO</Required>
		</Define>
	</Definitions>
</PhoronixTestSuite>
